SF:lib/cubit/chain-select.dart
DA:18,3
DA:21,3
DA:26,1
DA:28,3
DA:29,1
DA:30,2
DA:31,1
DA:32,2
DA:36,0
DA:37,0
DA:41,1
DA:43,2
DA:44,3
DA:45,1
DA:49,2
DA:51,0
LF:16
LH:13
end_of_record
SF:lib/cubit/logger.dart
DA:21,3
DA:24,3
DA:29,0
DA:35,0
DA:39,0
DA:42,0
DA:44,0
DA:48,0
DA:50,0
DA:51,0
DA:53,0
DA:54,0
DA:57,0
DA:59,0
DA:61,0
DA:65,1
DA:71,1
DA:74,1
DA:75,1
DA:88,1
DA:96,2
DA:100,0
DA:101,0
DA:102,0
DA:105,1
DA:106,3
DA:107,1
DA:108,4
DA:109,3
LF:29
LH:13
end_of_record
SF:lib/model/blockchain.g.dart
DA:13,0
DA:15,0
DA:16,0
DA:18,0
DA:25,0
DA:28,0
DA:29,0
DA:31,0
DA:32,0
DA:37,0
DA:38,0
DA:40,0
DA:43,0
DA:44,0
DA:45,0
LF:15
LH:0
end_of_record
SF:lib/model/blockchain.dart
DA:6,6
DA:15,1
DA:18,1
DA:20,0
DA:23,0
LF:5
LH:3
end_of_record
SF:lib/model/result.dart
DA:2,29
DA:7,8
LF:2
LH:2
end_of_record
SF:lib/pkg/storage.dart
DA:14,5
DA:22,3
DA:27,3
DA:30,0
DA:31,0
DA:32,0
DA:33,0
DA:34,0
DA:35,0
DA:37,0
DA:38,0
DA:39,0
DA:40,0
DA:42,0
DA:49,0
DA:51,0
DA:52,0
DA:54,0
DA:55,0
DA:60,0
DA:62,0
DA:65,0
DA:66,0
DA:70,0
DA:73,0
DA:76,0
DA:77,0
DA:82,0
DA:84,0
DA:87,0
DA:88,0
DA:92,0
DA:95,0
DA:97,0
DA:98,0
DA:102,0
DA:105,0
DA:107,0
DA:108,0
DA:113,0
DA:115,0
DA:118,0
DA:119,0
DA:128,0
DA:130,0
DA:132,0
DA:134,0
DA:136,0
DA:137,0
DA:159,0
DA:161,0
DA:168,0
DA:169,0
DA:173,0
DA:176,0
DA:178,0
DA:179,0
DA:180,0
DA:182,0
DA:184,0
DA:185,0
DA:189,0
DA:192,0
DA:193,0
DA:194,0
DA:195,0
DA:196,0
DA:198,0
DA:199,0
DA:203,0
DA:206,0
DA:209,0
DA:210,0
LF:73
LH:3
end_of_record
SF:lib/api/_helpers.dart
DA:6,0
DA:8,0
DA:10,0
DA:11,0
DA:12,0
DA:13,0
DA:18,0
DA:26,0
DA:27,0
DA:28,0
DA:32,0
DA:33,0
LF:12
LH:0
end_of_record
SF:lib/pkg/_locator.dart
DA:20,0
DA:22,0
DA:24,0
DA:25,0
DA:26,0
DA:27,0
DA:28,0
DA:29,0
DA:30,0
DA:32,0
DA:33,0
DA:34,0
DA:35,0
DA:36,0
DA:37,0
DA:38,0
DA:39,0
DA:42,0
DA:43,0
DA:44,0
DA:47,0
LF:21
LH:0
end_of_record
SF:lib/api/coincap.dart
DA:16,0
DA:18,0
DA:20,0
DA:21,0
DA:22,0
DA:24,0
DA:25,0
DA:26,0
DA:29,0
DA:32,0
DA:33,0
DA:37,0
DA:39,0
DA:41,0
DA:43,0
DA:44,0
LF:16
LH:0
end_of_record
SF:lib/model/transaction.g.dart
DA:13,0
DA:15,0
DA:16,0
DA:17,0
DA:19,0
DA:20,0
DA:21,0
DA:22,0
DA:23,0
DA:24,0
DA:25,0
DA:26,0
DA:30,0
DA:33,0
DA:34,0
DA:35,0
DA:36,0
DA:37,0
DA:38,0
DA:39,0
DA:40,0
DA:41,0
DA:42,0
DA:43,0
DA:44,0
DA:45,0
DA:46,0
DA:47,0
DA:50,0
DA:51,0
DA:53,0
DA:56,0
DA:57,0
DA:58,0
DA:65,1
DA:66,1
DA:67,1
DA:68,1
DA:69,1
DA:70,1
DA:71,1
DA:72,1
DA:73,1
DA:76,0
DA:77,0
DA:78,0
DA:79,0
DA:80,0
DA:81,0
DA:82,0
DA:83,0
DA:84,0
LF:52
LH:9
end_of_record
SF:lib/model/transaction.dart
DA:19,1
DA:21,1
DA:22,1
DA:24,3
DA:26,0
DA:27,0
DA:29,0
DA:30,0
DA:31,0
DA:33,0
DA:53,0
DA:54,0
DA:55,0
DA:57,0
DA:58,0
DA:61,0
DA:63,0
DA:64,0
DA:65,0
DA:66,0
DA:70,0
LF:21
LH:4
end_of_record
SF:lib/api/logger.dart
DA:5,0
DA:12,0
LF:2
LH:0
end_of_record
SF:lib/api/stackmate-core.dart
DA:11,2
DA:12,4
DA:13,2
DA:14,0
DA:15,2
DA:21,1
DA:27,2
DA:33,1
DA:34,0
DA:37,2
DA:40,1
DA:46,2
DA:51,1
DA:52,0
DA:55,2
DA:58,1
DA:64,2
DA:69,1
DA:70,0
DA:72,2
DA:75,1
DA:80,2
DA:84,1
DA:85,0
DA:88,1
DA:91,1
DA:96,2
DA:100,1
DA:101,0
DA:104,2
DA:106,1
DA:109,1
DA:114,2
DA:119,1
DA:120,0
DA:123,2
DA:124,1
DA:127,1
DA:132,2
DA:136,1
DA:137,0
DA:139,1
DA:140,1
DA:141,3
DA:142,1
DA:143,1
DA:144,7
DA:146,1
DA:149,5
DA:151,1
DA:154,1
DA:163,2
DA:171,1
DA:172,0
DA:174,2
DA:177,1
DA:180,2
DA:181,1
DA:182,0
DA:184,2
DA:186,1
DA:187,1
DA:188,3
DA:190,1
DA:193,1
DA:198,2
DA:202,1
DA:203,0
DA:205,2
DA:208,1
DA:214,2
DA:219,1
DA:220,1
DA:222,1
DA:223,2
DA:226,1
DA:232,2
DA:237,1
DA:238,0
DA:240,1
DA:242,2
DA:245,1
DA:250,2
DA:254,1
DA:255,0
DA:258,1
DA:259,2
DA:262,1
DA:267,2
DA:271,1
DA:272,0
DA:275,2
DA:278,1
DA:283,2
DA:287,1
DA:288,0
DA:291,2
LF:97
LH:82
end_of_record
SF:lib/model/log.dart
DA:7,6
DA:23,0
LF:2
LH:1
end_of_record
SF:lib/model/log.g.dart
DA:9,0
DA:10,0
DA:11,0
DA:12,0
DA:13,0
DA:14,0
DA:15,0
DA:16,0
DA:17,0
DA:18,0
DA:21,0
DA:22,0
DA:23,0
DA:24,0
DA:25,0
DA:26,0
DA:27,0
DA:28,0
DA:29,0
DA:30,0
LF:20
LH:0
end_of_record
SF:lib/model/fees.dart
DA:16,0
DA:18,0
LF:2
LH:0
end_of_record
SF:lib/model/fees.g.dart
DA:13,0
DA:15,0
DA:16,0
DA:17,0
DA:19,0
DA:20,0
DA:21,0
DA:22,0
DA:23,0
DA:27,0
DA:30,0
DA:31,0
DA:32,0
DA:33,0
DA:34,0
DA:35,0
DA:36,0
DA:37,0
DA:38,0
DA:41,0
DA:42,0
DA:44,0
DA:47,0
DA:48,0
DA:49,0
DA:56,0
DA:57,0
DA:58,0
DA:59,0
DA:60,0
DA:63,0
DA:64,0
DA:65,0
DA:66,0
DA:67,0
LF:35
LH:0
end_of_record
SF:lib/model/node.dart
DA:14,2
DA:16,0
LF:2
LH:1
end_of_record
SF:lib/model/node.g.dart
DA:13,0
DA:15,0
DA:16,0
DA:17,0
DA:19,0
DA:20,0
DA:21,0
DA:25,0
DA:28,0
DA:29,0
DA:30,0
DA:31,0
DA:32,0
DA:35,0
DA:36,0
DA:38,0
DA:41,0
DA:42,0
DA:43,0
DA:50,0
DA:51,0
DA:52,0
DA:55,0
DA:56,0
DA:57,0
LF:25
LH:0
end_of_record
SF:lib/model/wallet.g.dart
DA:13,0
DA:15,0
DA:16,0
DA:17,0
DA:19,0
DA:20,0
DA:21,0
DA:22,0
DA:23,0
DA:24,0
DA:25,0
DA:26,0
DA:27,0
DA:28,0
DA:29,0
DA:30,0
DA:34,0
DA:37,0
DA:38,0
DA:39,0
DA:40,0
DA:41,0
DA:42,0
DA:43,0
DA:44,0
DA:45,0
DA:46,0
DA:47,0
DA:48,0
DA:49,0
DA:50,0
DA:51,0
DA:52,0
DA:53,0
DA:54,0
DA:55,0
DA:56,0
DA:57,0
DA:58,0
DA:59,0
DA:62,0
DA:63,0
DA:65,0
DA:68,0
DA:69,0
DA:70,0
DA:77,0
DA:78,0
DA:79,0
DA:80,0
DA:81,0
DA:82,0
DA:83,0
DA:84,0
DA:85,0
DA:86,0
DA:87,0
DA:88,0
DA:89,0
DA:90,0
DA:91,0
DA:92,0
DA:95,0
DA:96,0
DA:97,0
DA:98,0
DA:99,0
DA:100,0
DA:101,0
DA:102,0
DA:103,0
DA:104,0
DA:105,0
DA:106,0
LF:74
LH:0
end_of_record
SF:lib/model/wallet.dart
DA:29,1
DA:31,0
DA:33,0
DA:34,0
DA:36,0
DA:38,0
DA:39,0
DA:42,0
DA:43,0
LF:9
LH:1
end_of_record
SF:lib/pkg/clipboard.dart
DA:10,0
DA:12,0
DA:13,0
DA:16,0
DA:17,0
DA:22,0
DA:24,0
DA:25,0
DA:28,0
DA:30,0
DA:31,0
LF:11
LH:0
end_of_record
SF:lib/pkg/launcher.dart
DA:10,0
DA:12,0
DA:13,0
DA:15,0
DA:16,0
DA:21,0
DA:23,0
DA:25,0
DA:32,0
DA:33,0
DA:38,0
DA:40,0
DA:42,0
DA:43,0
DA:48,0
DA:50,0
DA:52,0
DA:53,0
DA:58,0
DA:60,0
DA:61,0
DA:66,0
DA:67,0
LF:23
LH:0
end_of_record
SF:lib/pkg/share.dart
DA:9,0
DA:11,0
DA:14,0
DA:15,0
LF:4
LH:0
end_of_record
SF:lib/pkg/vibrate.dart
DA:8,0
DA:11,0
DA:14,0
DA:15,0
LF:4
LH:0
end_of_record
SF:lib/cubit/new-wallet/common/seed-generate.dart
DA:13,3
DA:40,4
DA:44,2
DA:48,2
DA:61,1
DA:62,4
DA:64,1
DA:65,1
DA:66,3
DA:73,3
DA:74,2
DA:76,2
DA:77,4
DA:79,1
DA:80,0
DA:81,0
DA:82,0
DA:84,0
DA:90,1
DA:91,3
DA:94,2
DA:95,2
DA:96,2
DA:102,0
DA:103,0
DA:105,1
DA:106,1
DA:107,3
DA:114,2
DA:115,3
DA:116,2
DA:117,4
DA:119,1
DA:120,0
DA:121,0
DA:122,0
DA:124,0
DA:130,1
DA:131,3
DA:134,2
DA:135,2
DA:136,2
DA:142,1
DA:143,3
DA:144,1
DA:145,3
DA:150,1
DA:156,1
DA:157,3
DA:160,1
DA:161,3
DA:162,4
DA:163,1
DA:165,1
DA:167,2
DA:168,0
DA:170,1
DA:171,1
DA:172,2
DA:173,3
DA:174,2
DA:175,2
DA:176,2
DA:179,1
DA:181,1
DA:182,3
DA:186,1
DA:192,0
DA:193,0
DA:194,0
DA:195,0
DA:196,0
DA:197,0
DA:206,0
DA:207,0
DA:209,0
DA:210,0
DA:212,0
DA:216,0
DA:217,0
DA:219,0
DA:224,0
DA:225,0
DA:226,0
DA:231,0
DA:232,0
DA:233,0
DA:234,0
DA:235,0
DA:240,0
DA:241,0
DA:242,0
DA:243,0
DA:245,0
DA:251,4
LF:95
LH:57
end_of_record
SF:lib/pkg/extensions.dart
DA:7,0
DA:8,0
DA:9,0
DA:10,0
DA:11,0
DA:16,0
DA:21,0
DA:22,0
DA:26,0
DA:27,0
DA:31,0
DA:32,0
DA:36,0
DA:38,0
DA:39,0
DA:40,0
DA:49,0
DA:50,0
DA:55,0
DA:56,0
DA:61,0
LF:21
LH:0
end_of_record
SF:lib/cubit/new-wallet/from-new-seed.dart
DA:18,2
DA:39,3
DA:41,0
DA:42,0
DA:46,0
DA:47,0
DA:51,0
DA:52,0
DA:54,0
DA:55,0
DA:56,0
DA:60,1
DA:67,1
DA:68,5
DA:69,1
DA:70,0
DA:85,1
DA:86,2
DA:87,1
DA:90,1
DA:91,1
DA:92,3
DA:96,2
DA:100,0
DA:105,1
DA:106,2
DA:107,1
DA:108,4
DA:111,0
DA:114,0
DA:115,0
DA:120,1
DA:121,4
DA:124,0
DA:125,0
DA:126,0
DA:127,0
DA:128,0
DA:133,0
DA:137,0
DA:140,0
DA:141,0
DA:143,0
DA:147,0
DA:151,0
DA:152,0
DA:155,0
DA:156,0
DA:158,0
DA:161,0
DA:162,0
DA:164,0
DA:168,0
DA:169,0
DA:172,0
DA:174,0
DA:176,0
DA:178,0
DA:179,0
DA:184,0
DA:185,0
DA:186,0
DA:194,0
DA:195,0
DA:203,1
DA:205,2
DA:206,1
LF:67
LH:22
end_of_record
SF:lib/cubit/wallets.dart
DA:25,1
DA:30,1
DA:31,1
DA:39,1
DA:41,3
DA:42,0
DA:44,0
DA:46,0
DA:47,0
DA:50,0
DA:52,0
DA:54,2
DA:58,0
DA:59,0
DA:62,0
DA:63,0
DA:66,0
DA:67,0
DA:68,0
DA:71,0
DA:72,0
DA:74,0
DA:78,0
DA:80,0
DA:81,0
DA:84,0
DA:85,0
DA:86,0
DA:89,0
DA:90,0
LF:30
LH:6
end_of_record
SF:lib/cubit/node.dart
DA:20,3
DA:22,0
DA:23,0
DA:25,0
DA:27,0
DA:31,1
DA:33,1
DA:37,1
DA:38,3
DA:39,1
DA:40,2
DA:41,1
DA:42,3
DA:48,0
DA:50,0
DA:51,0
DA:52,0
DA:53,0
DA:58,1
DA:59,6
DA:62,1
DA:63,4
DA:66,1
DA:67,4
DA:70,1
DA:71,1
DA:72,2
DA:73,2
DA:76,4
DA:77,1
DA:78,0
DA:82,4
DA:83,1
DA:84,0
DA:87,1
DA:88,2
LF:36
LH:25
end_of_record
